Epoch: 1
epoch 1, loss 0.34574889148734744

Epoch: 2
epoch 2, loss 0.34533745805901334

Epoch: 3
epoch 3, loss 0.3449296997033639

Epoch: 4
epoch 4, loss 0.34452762283905647

Epoch: 5
epoch 5, loss 0.34412229730311766

Epoch: 6
epoch 6, loss 0.3437218813748077

Epoch: 7
epoch 7, loss 0.3433229475294038

Epoch: 8
epoch 8, loss 0.34292230959201153

Epoch: 9
epoch 9, loss 0.3425298727110367

Epoch: 10
epoch 10, loss 0.3421424735849032

Epoch: 11
epoch 11, loss 0.3417492006537259

Epoch: 12
epoch 12, loss 0.34134805767118903

Epoch: 13
epoch 13, loss 0.340943959832568

Epoch: 14
epoch 14, loss 0.3405397817185358

Epoch: 15
epoch 15, loss 0.3401472115901074

Epoch: 16
epoch 16, loss 0.3397556900340394

Epoch: 17
epoch 17, loss 0.3393557961997212

Epoch: 18
epoch 18, loss 0.3389556469570824

Epoch: 19
epoch 19, loss 0.3385554580415852

Epoch: 20
epoch 20, loss 0.3381548258868119

Epoch: 21
epoch 21, loss 0.33775564065645447

Epoch: 22
epoch 22, loss 0.3373555252363259

Epoch: 23
epoch 23, loss 0.33696755490533375

Epoch: 24
epoch 24, loss 0.33656397947994104

Epoch: 25
epoch 25, loss 0.3361665947402578

Epoch: 26
epoch 26, loss 0.3357618861083475

Epoch: 27
epoch 27, loss 0.33535523574657716

Epoch: 28
epoch 28, loss 0.3349700383539323

Epoch: 29
epoch 29, loss 0.3345711791556049

Epoch: 30
epoch 30, loss 0.334177031328818

Epoch: 31
epoch 31, loss 0.33378189272790676

Epoch: 32
epoch 32, loss 0.3333773055001309

Epoch: 33
epoch 33, loss 0.3329863356955966

Epoch: 34
epoch 34, loss 0.3325876194187822

Epoch: 35
epoch 35, loss 0.33219056704889977

Epoch: 36
epoch 36, loss 0.3317995553610655

Epoch: 37
epoch 37, loss 0.33140125235346546

Epoch: 38
epoch 38, loss 0.33100946276961507

Epoch: 39
epoch 39, loss 0.33061684517077017

Epoch: 40
epoch 40, loss 0.33022233319330335

Epoch: 41
epoch 41, loss 0.32983251126975516

Epoch: 42
epoch 42, loss 0.3294350745823946

Epoch: 43
epoch 43, loss 0.3290473155102558

Epoch: 44
epoch 44, loss 0.3286603885271176

Epoch: 45
epoch 45, loss 0.328269503469493

Epoch: 46
epoch 46, loss 0.3278863335511726

Epoch: 47
epoch 47, loss 0.3274944432638892

Epoch: 48
epoch 48, loss 0.3271047807942392

Epoch: 49
epoch 49, loss 0.3267258454045224

Epoch: 50
epoch 50, loss 0.3263463923829179

Epoch: 51
epoch 51, loss 0.3259641960146551

Epoch: 52
epoch 52, loss 0.3255749203973246

Epoch: 53
epoch 53, loss 0.3251915094748905

Epoch: 54
epoch 54, loss 0.32479524687272976

Epoch: 55
epoch 55, loss 0.32441197389930265

Epoch: 56
epoch 56, loss 0.3240338161512091

Epoch: 57
epoch 57, loss 0.3236536834058159

Epoch: 58
epoch 58, loss 0.3232614113347874

Epoch: 59
epoch 59, loss 0.32288059271932673

Epoch: 60
epoch 60, loss 0.32249416085085975

Epoch: 61
epoch 61, loss 0.32211445221095836

Epoch: 62
epoch 62, loss 0.32171776885392617

Epoch: 63
epoch 63, loss 0.3213302687854434

Epoch: 64
epoch 64, loss 0.32095030879138503

Epoch: 65
epoch 65, loss 0.3205666515357484

Epoch: 66
epoch 66, loss 0.32018554244813097

Epoch: 67
epoch 67, loss 0.3198064448055733

Epoch: 68
epoch 68, loss 0.3194202225922442

Epoch: 69
epoch 69, loss 0.319036813564996

Epoch: 70
epoch 70, loss 0.31864521004725715

Epoch: 71
epoch 71, loss 0.31826341136725955

Epoch: 72
epoch 72, loss 0.317877175251017

Epoch: 73
epoch 73, loss 0.3174848668462137

Epoch: 74
epoch 74, loss 0.31711139513353825

Epoch: 75
epoch 75, loss 0.3167323088033736

Epoch: 76
epoch 76, loss 0.31635371027129894

Epoch: 77
epoch 77, loss 0.3159724505417762

Epoch: 78
epoch 78, loss 0.3155928666183554

Epoch: 79
epoch 79, loss 0.31520936663568866

Epoch: 80
epoch 80, loss 0.31483609518326194

Epoch: 81
epoch 81, loss 0.3144536506033583

Epoch: 82
epoch 82, loss 0.3140696977449334

Epoch: 83
epoch 83, loss 0.3136935560021302

Epoch: 84
epoch 84, loss 0.3133149702571718

Epoch: 85
epoch 85, loss 0.3129256545834723

Epoch: 86
epoch 86, loss 0.312540570642308

Epoch: 87
epoch 87, loss 0.31216430524972383

Epoch: 88
epoch 88, loss 0.3117848980305789

Epoch: 89
epoch 89, loss 0.3114096271847957

Epoch: 90
epoch 90, loss 0.31103077516493066

Epoch: 91
epoch 91, loss 0.310648696575292

Epoch: 92
epoch 92, loss 0.3102800029460559

Epoch: 93
epoch 93, loss 0.30990792025961855

Epoch: 94
epoch 94, loss 0.3095384949367945

Epoch: 95
epoch 95, loss 0.3091739724625295

Epoch: 96
epoch 96, loss 0.30879213904656355

Epoch: 97
epoch 97, loss 0.3084122479134676

Epoch: 98
epoch 98, loss 0.30804639465733996

Epoch: 99
epoch 99, loss 0.3076699344137596

Epoch: 100
epoch 100, loss 0.3072997942145157

Epoch: 101
epoch 101, loss 0.30692033489391907

Epoch: 102
epoch 102, loss 0.30654837062262597

Epoch: 103
epoch 103, loss 0.3061762083843314

Epoch: 104
epoch 104, loss 0.30579043075583284

Epoch: 105
epoch 105, loss 0.30541813315376387

Epoch: 106
epoch 106, loss 0.3050406998915205

Epoch: 107
epoch 107, loss 0.3046723179747514

Epoch: 108
epoch 108, loss 0.3042987920819296

Epoch: 109
epoch 109, loss 0.30392594821176133

Epoch: 110
epoch 110, loss 0.3035657496305621

Epoch: 111
epoch 111, loss 0.3032073085626262

Epoch: 112
epoch 112, loss 0.3028486115661565

Epoch: 113
epoch 113, loss 0.3024826235493126

Epoch: 114
epoch 114, loss 0.3021092495204546

Epoch: 115
epoch 115, loss 0.30174853306793736

Epoch: 116
epoch 116, loss 0.3013878680610462

Epoch: 117
epoch 117, loss 0.3010265784703737

Epoch: 118
epoch 118, loss 0.3006678656847337

Epoch: 119
epoch 119, loss 0.3003081684825993

Epoch: 120
epoch 120, loss 0.29993841783353004

Epoch: 121
epoch 121, loss 0.299577530579988

Epoch: 122
epoch 122, loss 0.2992124413247509

Epoch: 123
epoch 123, loss 0.2988554893827461

Epoch: 124
epoch 124, loss 0.2985009499545448

Epoch: 125
epoch 125, loss 0.2981391298373557

Epoch: 126
epoch 126, loss 0.29777045467768487

Epoch: 127
epoch 127, loss 0.29741383868136195

Epoch: 128
epoch 128, loss 0.29706557629671093

Epoch: 129
epoch 129, loss 0.2966989753369957

Epoch: 130
epoch 130, loss 0.29634654611158545

Epoch: 131
epoch 131, loss 0.29599161790474404

Epoch: 132
epoch 132, loss 0.29563156945506125

Epoch: 133
epoch 133, loss 0.2952596204424381

Epoch: 134
epoch 134, loss 0.29490116545250655

Epoch: 135
epoch 135, loss 0.2945433353913122

Epoch: 136
epoch 136, loss 0.2941878108807969

Epoch: 137
epoch 137, loss 0.2938420615678624

Epoch: 138
epoch 138, loss 0.2934839567384115

Epoch: 139
epoch 139, loss 0.2931264258702722

Epoch: 140
epoch 140, loss 0.2927625744022298

Epoch: 141
epoch 141, loss 0.2924035676208678

Epoch: 142
epoch 142, loss 0.2920515611102337

Epoch: 143
epoch 143, loss 0.29169368454128924

Epoch: 144
epoch 144, loss 0.29133157586380093

Epoch: 145
epoch 145, loss 0.29097680875816195

Epoch: 146
epoch 146, loss 0.2906149611890801

Epoch: 147
epoch 147, loss 0.29024639591184653

Epoch: 148
epoch 148, loss 0.2898845143614037

Epoch: 149
epoch 149, loss 0.28953238394406566

Epoch: 150
epoch 150, loss 0.28918045597402064

Epoch: 151
epoch 151, loss 0.28884165101103454

Epoch: 152
epoch 152, loss 0.2884927950815541

Epoch: 153
epoch 153, loss 0.288136851616816

Epoch: 154
epoch 154, loss 0.28778594192269974

Epoch: 155
epoch 155, loss 0.28742710664101057

Epoch: 156
epoch 156, loss 0.2870706329950443

Epoch: 157
epoch 157, loss 0.2867093468226908

Epoch: 158
epoch 158, loss 0.2863503712167834

Epoch: 159
epoch 159, loss 0.2859946802549058

Epoch: 160
epoch 160, loss 0.28563967429505965

Epoch: 161
epoch 161, loss 0.28528552151158465

Epoch: 162
epoch 162, loss 0.28492998851494494

Epoch: 163
epoch 163, loss 0.2845807237885591

Epoch: 164
epoch 164, loss 0.28423591496054135

Epoch: 165
epoch 165, loss 0.2838849287877672

Epoch: 166
epoch 166, loss 0.28352630520897776

Epoch: 167
epoch 167, loss 0.28317918000185044

Epoch: 168
epoch 168, loss 0.28283178976112866

Epoch: 169
epoch 169, loss 0.2824907736674556

Epoch: 170
epoch 170, loss 0.2821395680059665

Epoch: 171
epoch 171, loss 0.28179276471207765

Epoch: 172
epoch 172, loss 0.28145103872278954

Epoch: 173
epoch 173, loss 0.2811051575049594

Epoch: 174
epoch 174, loss 0.2807686532338063

Epoch: 175
epoch 175, loss 0.28041771930660064

Epoch: 176
epoch 176, loss 0.28008125901903513

Epoch: 177
epoch 177, loss 0.279740238424243

Epoch: 178
epoch 178, loss 0.2794114785896321

Epoch: 179
epoch 179, loss 0.27906273018682043

Epoch: 180
epoch 180, loss 0.2787120514890326

Epoch: 181
epoch 181, loss 0.27837370668122124

Epoch: 182
epoch 182, loss 0.27802614296541117

Epoch: 183
epoch 183, loss 0.2776726812599391

Epoch: 184
epoch 184, loss 0.2773304816543798

Epoch: 185
epoch 185, loss 0.2769852667101608

Epoch: 186
epoch 186, loss 0.2766420429874703

Epoch: 187
epoch 187, loss 0.27630340719753427

Epoch: 188
epoch 188, loss 0.27595909885490416

Epoch: 189
epoch 189, loss 0.2756163394031387

Epoch: 190
epoch 190, loss 0.27527796315912795

Epoch: 191
epoch 191, loss 0.2749448206484067

Epoch: 192
epoch 192, loss 0.2746058219498049

Epoch: 193
epoch 193, loss 0.27426726356636744

Epoch: 194
epoch 194, loss 0.27393089327349607

Epoch: 195
epoch 195, loss 0.27359242234274994

Epoch: 196
epoch 196, loss 0.2732607875044686

Epoch: 197
epoch 197, loss 0.2729246362079966

Epoch: 198
epoch 198, loss 0.27258556002067985

Epoch: 199
epoch 199, loss 0.2722487450785816